Copyright 1986-2022 Xilinx, Inc. All Rights Reserved. Copyright 2022-2025 Advanced Micro Devices, Inc. All Rights Reserved.
-------------------------------------------------------------------------------------------------------------------------------------------------------------------------------------
| Tool Version     : Vivado v.2025.1 (win64) Build 6140274 Thu May 22 00:12:29 MDT 2025
| Date             : Tue Feb 17 17:25:54 2026
| Host             : DESKTOP-H7PHBSJ running 64-bit major release  (build 9200)
| Command          : report_power -file cnn_controler_wrapper_power_routed.rpt -pb cnn_controler_wrapper_power_summary_routed.pb -rpx cnn_controler_wrapper_power_routed.rpx
| Design           : cnn_controler_wrapper
| Device           : xc7z020clg484-1
| Design State     : routed
| Grade            : commercial
| Process          : typical
| Characterization : Production
-------------------------------------------------------------------------------------------------------------------------------------------------------------------------------------

Power Report

Table of Contents
-----------------
1. Summary
1.1 On-Chip Components
1.2 Power Supply Summary
1.3 Confidence Level
2. Settings
2.1 Environment
2.2 Clock Constraints
3. Detailed Reports
3.1 By Hierarchy

1. Summary
----------

+--------------------------+--------------+
| Total On-Chip Power (W)  | 1.836        |
| Design Power Budget (W)  | Unspecified* |
| Power Budget Margin (W)  | NA           |
| Dynamic (W)              | 1.691        |
| Device Static (W)        | 0.145        |
| Effective TJA (C/W)      | 11.5         |
| Max Ambient (C)          | 63.8         |
| Junction Temperature (C) | 46.2         |
| Confidence Level         | Low          |
| Setting File             | ---          |
| Simulation Activity File | ---          |
| Design Nets Matched      | NA           |
+--------------------------+--------------+
* Specify Design Power Budget using, set_operating_conditions -design_power_budget <value in Watts>


1.1 On-Chip Components
----------------------

+--------------------------+-----------+----------+-----------+-----------------+
| On-Chip                  | Power (W) | Used     | Available | Utilization (%) |
+--------------------------+-----------+----------+-----------+-----------------+
| Clocks                   |     0.051 |        3 |       --- |             --- |
| Slice Logic              |     0.027 |    43743 |       --- |             --- |
|   LUT as Logic           |     0.022 |    15222 |     53200 |           28.61 |
|   CARRY4                 |     0.002 |     2189 |     13300 |           16.46 |
|   Register               |     0.002 |    19800 |    106400 |           18.61 |
|   LUT as Distributed RAM |     0.001 |      962 |     17400 |            5.53 |
|   LUT as Shift Register  |    <0.001 |      499 |     17400 |            2.87 |
|   F7/F8 Muxes            |    <0.001 |       34 |     53200 |            0.06 |
|   Others                 |     0.000 |      973 |       --- |             --- |
| Signals                  |     0.033 |    33028 |       --- |             --- |
| Block RAM                |     0.002 |      0.5 |       140 |            0.36 |
| DSPs                     |     0.016 |       42 |       220 |           19.09 |
| I/O                      |    <0.001 |        5 |       200 |            2.50 |
| PS7                      |     1.562 |        1 |       --- |             --- |
| Static Power             |     0.145 |          |           |                 |
| Total                    |     1.836 |          |           |                 |
+--------------------------+-----------+----------+-----------+-----------------+


1.2 Power Supply Summary
------------------------

+-----------+-------------+-----------+-------------+------------+-------------+-------------+------------+
| Source    | Voltage (V) | Total (A) | Dynamic (A) | Static (A) | Powerup (A) | Budget (A)  | Margin (A) |
+-----------+-------------+-----------+-------------+------------+-------------+-------------+------------+
| Vccint    |       1.000 |     0.145 |       0.129 |      0.016 |       NA    | Unspecified | NA         |
| Vccaux    |       1.800 |     0.016 |       0.000 |      0.016 |       NA    | Unspecified | NA         |
| Vcco33    |       3.300 |     0.000 |       0.000 |      0.000 |       NA    | Unspecified | NA         |
| Vcco25    |       2.500 |     0.000 |       0.000 |      0.000 |       NA    | Unspecified | NA         |
| Vcco18    |       1.800 |     0.000 |       0.000 |      0.000 |       NA    | Unspecified | NA         |
| Vcco15    |       1.500 |     0.000 |       0.000 |      0.000 |       NA    | Unspecified | NA         |
| Vcco135   |       1.350 |     0.000 |       0.000 |      0.000 |       NA    | Unspecified | NA         |
| Vcco12    |       1.200 |     0.000 |       0.000 |      0.000 |       NA    | Unspecified | NA         |
| Vccaux_io |       1.800 |     0.000 |       0.000 |      0.000 |       NA    | Unspecified | NA         |
| Vccbram   |       1.000 |     0.001 |       0.000 |      0.001 |       NA    | Unspecified | NA         |
| MGTAVcc   |       1.000 |     0.000 |       0.000 |      0.000 |       NA    | Unspecified | NA         |
| MGTAVtt   |       1.200 |     0.000 |       0.000 |      0.000 |       NA    | Unspecified | NA         |
| MGTVccaux |       1.800 |     0.000 |       0.000 |      0.000 |       NA    | Unspecified | NA         |
| Vccpint   |       1.000 |     0.741 |       0.709 |      0.032 |       NA    | Unspecified | NA         |
| Vccpaux   |       1.800 |     0.085 |       0.074 |      0.010 |       NA    | Unspecified | NA         |
| Vccpll    |       1.800 |     0.017 |       0.014 |      0.003 |       NA    | Unspecified | NA         |
| Vcco_ddr  |       1.500 |     0.458 |       0.456 |      0.002 |       NA    | Unspecified | NA         |
| Vcco_mio0 |       3.300 |     0.003 |       0.002 |      0.001 |       NA    | Unspecified | NA         |
| Vcco_mio1 |       1.800 |     0.004 |       0.003 |      0.001 |       NA    | Unspecified | NA         |
| Vccadc    |       1.800 |     0.020 |       0.000 |      0.020 |       NA    | Unspecified | NA         |
+-----------+-------------+-----------+-------------+------------+-------------+-------------+------------+


1.3 Confidence Level
--------------------

+-----------------------------+------------+--------------------------------------------------------+------------------------------------------------------------------------------------------------------------+
| User Input Data             | Confidence | Details                                                | Action                                                                                                     |
+-----------------------------+------------+--------------------------------------------------------+------------------------------------------------------------------------------------------------------------+
| Design implementation state | High       | Design is routed                                       |                                                                                                            |
| Clock nodes activity        | High       | User specified more than 95% of clocks                 |                                                                                                            |
| I/O nodes activity          | Low        | More than 75% of inputs are missing user specification | Provide missing input activity with simulation results or by editing the "By Resource Type -> I/Os" view   |
| Internal nodes activity     | Medium     | User specified less than 25% of internal nodes         | Provide missing internal nodes activity with simulation results or by editing the "By Resource Type" views |
| Device models               | High       | Device models are Production                           |                                                                                                            |
|                             |            |                                                        |                                                                                                            |
| Overall confidence level    | Low        |                                                        |                                                                                                            |
+-----------------------------+------------+--------------------------------------------------------+------------------------------------------------------------------------------------------------------------+


2. Settings
-----------

2.1 Environment
---------------

+-----------------------+------------------------+
| Ambient Temp (C)      | 25.0                   |
| ThetaJA (C/W)         | 11.5                   |
| Airflow (LFM)         | 250                    |
| Heat Sink             | none                   |
| ThetaSA (C/W)         | 0.0                    |
| Board Selection       | medium (10"x10")       |
| # of Board Layers     | 8to11 (8 to 11 Layers) |
| Board Temperature (C) | 25.0                   |
+-----------------------+------------------------+


2.2 Clock Constraints
---------------------

+------------+------------------------------------------------------------------+-----------------+
| Clock      | Domain                                                           | Constraint (ns) |
+------------+------------------------------------------------------------------+-----------------+
| clk_fpga_0 | cnn_controler_i/processing_system7_0/inst/FCLK_CLK_unbuffered[0] |            10.0 |
+------------+------------------------------------------------------------------+-----------------+


3. Detailed Reports
-------------------

3.1 By Hierarchy
----------------

+--------------------------+-----------+
| Name                     | Power (W) |
+--------------------------+-----------+
| cnn_controler_wrapper    |     1.691 |
|   cnn_controler_i        |     1.691 |
|     axi_smc              |     0.062 |
|       inst               |     0.062 |
|     cnn_accelerator_0    |     0.066 |
|       inst               |     0.066 |
|     processing_system7_0 |     1.563 |
|       inst               |     1.563 |
+--------------------------+-----------+


