#-----------------------------------------------------------
# Vivado v2025.1 (64-bit)
# SW Build 6140274 on Thu May 22 00:12:29 MDT 2025
# IP Build 6138677 on Thu May 22 03:10:11 MDT 2025
# SharedData Build 6139179 on Tue May 20 17:58:58 MDT 2025
# Start of session at: Fri Feb 20 21:42:25 2026
# Process ID         : 6624
# Current directory  : C:/Users/ishan/ECT_110_vitis/cnn/cnn/hls/impl/ip
# Command line       : vivado.exe -notrace -mode batch -source run_ippack.tcl
# Log file           : C:/Users/ishan/ECT_110_vitis/cnn/cnn/hls/impl/ip/vivado.log
# Journal file       : C:/Users/ishan/ECT_110_vitis/cnn/cnn/hls/impl/ip\vivado.jou
# Running On         : DESKTOP-H7PHBSJ
# Platform           : Windows Server 2016 or Windows 10
# Operating System   : 26200
# Processor Detail   : 13th Gen Intel(R) Core(TM) i5-1335U
# CPU Frequency      : 2496 MHz
# CPU Physical cores : 10
# CPU Logical cores  : 12
# Host memory        : 16803 MB
# Swap memory        : 13421 MB
# Total Virtual      : 30224 MB
# Available Virtual  : 7710 MB
#-----------------------------------------------------------
source run_ippack.tcl -notrace
INFO: calling package_hls_ip ip_types=vitis sysgen json_file=C:/Users/ishan/ECT_110_vitis/cnn/cnn/hls/hls_data.json outdir=C:/Users/ishan/ECT_110_vitis/cnn/cnn/hls/impl/ip srcdir=C:/Users/ishan/ECT_110_vitis/cnn/cnn/hls ippack_options_dict= ippack_options_dict=
INFO: Copied 1 ipmisc file(s) to C:/Users/ishan/ECT_110_vitis/cnn/cnn/hls/impl/ip/misc
INFO: Copied 11 verilog file(s) to C:/Users/ishan/ECT_110_vitis/cnn/cnn/hls/impl/ip/hdl/verilog
INFO: Copied 11 vhdl file(s) to C:/Users/ishan/ECT_110_vitis/cnn/cnn/hls/impl/ip/hdl/vhdl
INFO: Copied 10 swdriver file(s) to C:/Users/ishan/ECT_110_vitis/cnn/cnn/hls/impl/ip/drivers
ipx::create_core: Time (s): cpu = 00:00:08 ; elapsed = 00:00:05 . Memory (MB): peak = 511.527 ; gain = 205.801
INFO: Import ports from HDL: C:/Users/ishan/ECT_110_vitis/cnn/cnn/hls/impl/ip/hdl/vhdl/cnn_accelerator.vhd (cnn_accelerator)
INFO: Add axi4lite interface s_axi_control
INFO: Add clock interface ap_clk
INFO: Add reset interface ap_rst_n
INFO: Add interrupt interface interrupt
INFO: [IP_Flow 19-234] Refreshing IP repositories
INFO: [IP_Flow 19-1704] No user IP repositories specified
INFO: [IP_Flow 19-2313] Loaded Vivado IP repository 'C:/Xilinx/2025.1/Vivado/data/ip'.
INFO: Add axi4full interface m_axi_gmem
INFO: Calling post_process_vitis to specialize IP
INFO: Calling post_process_sysgen to specialize IP
Generating sysgen info xml from json file
INFO: Created IP C:/Users/ishan/ECT_110_vitis/cnn/cnn/hls/impl/ip/component.xml
INFO: Created IP archive C:/Users/ishan/ECT_110_vitis/cnn/cnn/hls/impl/ip/xilinx_com_hls_cnn_accelerator_1_0.zip
INFO: [Common 17-206] Exiting Vivado at Fri Feb 20 21:42:37 2026...
