================================================================
== Design Size Report
================================================================

* Total Instructions per Compilation Phase
+---------------+-----------------------------+--------------+----------------------------------------------------------------------------------------+
| Phase         | Step                        | Instructions | Description                                                                            |
+---------------+-----------------------------+--------------+----------------------------------------------------------------------------------------+
| Compile/Link  |                             | 3,131        | After all functions are compiled and linked into a single design                       |
|               |                             |              |                                                                                        |
| Unroll/Inline |                             |              | After user unroll and inline pragmas are applied                                       |
|               | (1) unroll                  | 2,143        | user unroll pragmas are applied                                                        |
|               | (2) simplification          | 1,873        | simplification of applied user unroll pragmas                                          |
|               | (3) inline                  | 1,832        | user inline pragmas are applied                                                        |
|               | (4) simplification          | 1,700        | simplification of applied user inline pragmas                                          |
|               |                             |              |                                                                                        |
| Array/Struct  |                             |              | After user array partition and struct aggregate/disaggregate pragmas are applied       |
|               | (1) array partition         | 1,737        | user array partition pragmas are applied                                               |
|               | (2) simplification          | 1,737        | simplification of applied user array partition & struct aggregate/disaggregate pragmas |
|               | (3) aggregate/disaggregate  | 1,737        | user struct aggregate/disaggregate pragmas are applied                                 |
|               | (4) array reshape           | 1,737        | apply array reshape pragmas                                                            |
|               | (5) access patterns         | 1,733        | array access pattern optmizations                                                      |
|               |                             |              |                                                                                        |
| Performance   |                             |              | After transformations are applied to meet performance pragma targets                   |
|               | (1) loop simplification     | 1,661        | loop and instruction simplification                                                    |
|               | (2) parallelization         | 1,433        | loops are unrolled or pipelined to meet performance targets                            |
|               | (3) array partition         | 1,234        | arrays are partitioned to meet performance targets                                     |
|               | (4) simplification          | 1,234        | simplification of design after performance transformations                             |
|               |                             |              |                                                                                        |
| HW Transforms |                             |              | After hardware transfomations                                                          |
|               | (1) lowering                | 1,814        | initial conversion to HW specific instructions                                         |
|               | (2) optimizations           | 1,826        | high level synthesis optimizations                                                     |
+---------------+-----------------------------+--------------+----------------------------------------------------------------------------------------+

* Instructions per Function for each Compilation Phase
+--------------------+--------------------+--------------+-----------------+-----------------+-------------+---------------+
| Function           | Location           | Compile/Link | Unroll/Inline   | Array/Struct    | Performance | HW Transforms |
+--------------------+--------------------+--------------+-----------------+-----------------+-------------+---------------+
| + cnn_accelerator  | accelerator.cpp:4  | 3,131        | 1,700           | 1,733           | 1,234       | 1,826         |
|  + systolic_array  | systolic_array.h:6 | 2,906        | 1,190 (2 calls) | 1,170 (2 calls) |             |               |
|   + pe_compute     | pe.h:6             | 2,854        |                 |                 |             |               |
|      mac_int2_pack | approx_mac.h:46    | 1,057        |                 |                 |             |               |
|      mac_int4_pack | approx_mac.h:27    |  711         |                 |                 |             |               |
|    + mac_int6      | approx_mac.h:21    |  511         |                 |                 |             |               |
|       approx_mul6  | approx_mac.h:13    |  371         |                 |                 |             |               |
|      mac_int8      | approx_mac.h:7     |  260         |                 |                 |             |               |
+--------------------+--------------------+--------------+-----------------+-----------------+-------------+---------------+

* Design Size Message Settings
+---------------------------------------------+--------+------------------------------------------------------------------+
| Message Setting                             | Value  | Description                                                      |
+---------------------------------------------+--------+------------------------------------------------------------------+
| config_compile -design_size_maximum_warning | 100000 | Show a warning when total design instructions exceeds this value |
+---------------------------------------------+--------+------------------------------------------------------------------+


