  **** HLS Build v2025.1 6135595
INFO: [HLS 200-2005] Using work_dir C:/Users/ishan/ECT_110_vitis/cnn/cnn 
INFO: [HLS 200-2176] Writing Vitis IDE component file C:/Users/ishan/ECT_110_vitis/cnn/cnn/vitis-comp.json
INFO: [HLS 200-10] Creating and opening component 'C:/Users/ishan/ECT_110_vitis/cnn/cnn'.
INFO: [HLS 200-1505] Using default flow_target 'vivado'
Resolution: For help on HLS 200-1505 see docs.xilinx.com/access/sources/dita/topic?Doc_Version=2025.1%20English&url=ug1448-hls-guidance&resourceid=200-1505.html
INFO: [HLS 200-2174] Applying component config ini file C:/Users/ishan/ECT_110_vitis/cnn/hls_config.cfg
INFO: [HLS 200-1465] Applying config ini 'syn.file=approx_mac.h' from C:/Users/ishan/ECT_110_vitis/cnn/hls_config.cfg(9)
INFO: [HLS 200-10] Adding design file 'C:/Users/ishan/ECT_110_vitis/cnn/approx_mac.h' to the project
INFO: [HLS 200-1465] Applying config ini 'syn.file=accelerator.cpp' from C:/Users/ishan/ECT_110_vitis/cnn/hls_config.cfg(10)
INFO: [HLS 200-10] Adding design file 'C:/Users/ishan/ECT_110_vitis/cnn/accelerator.cpp' to the project
INFO: [HLS 200-1465] Applying config ini 'syn.file=accelerator.h' from C:/Users/ishan/ECT_110_vitis/cnn/hls_config.cfg(11)
INFO: [HLS 200-10] Adding design file 'C:/Users/ishan/ECT_110_vitis/cnn/accelerator.h' to the project
INFO: [HLS 200-1465] Applying config ini 'syn.file=pe.h' from C:/Users/ishan/ECT_110_vitis/cnn/hls_config.cfg(12)
INFO: [HLS 200-10] Adding design file 'C:/Users/ishan/ECT_110_vitis/cnn/pe.h' to the project
INFO: [HLS 200-1465] Applying config ini 'syn.file=systolic_array.h' from C:/Users/ishan/ECT_110_vitis/cnn/hls_config.cfg(13)
INFO: [HLS 200-10] Adding design file 'C:/Users/ishan/ECT_110_vitis/cnn/systolic_array.h' to the project
INFO: [HLS 200-1465] Applying config ini 'tb.file=testbench.cpp' from C:/Users/ishan/ECT_110_vitis/cnn/hls_config.cfg(14)
INFO: [HLS 200-10] Adding test bench file 'C:/Users/ishan/ECT_110_vitis/cnn/testbench.cpp' to the project
INFO: [HLS 200-1465] Applying config ini 'syn.top=cnn_accelerator' from C:/Users/ishan/ECT_110_vitis/cnn/hls_config.cfg(8)
INFO: [HLS 200-1465] Applying config ini 'flow_target=vivado' from C:/Users/ishan/ECT_110_vitis/cnn/hls_config.cfg(4)
INFO: [HLS 200-1505] Using flow_target 'vivado'
Resolution: For help on HLS 200-1505 see docs.xilinx.com/access/sources/dita/topic?Doc_Version=2025.1%20English&url=ug1448-hls-guidance&resourceid=200-1505.html
INFO: [HLS 200-1465] Applying config ini 'part=xc7z020clg400-1' from C:/Users/ishan/ECT_110_vitis/cnn/hls_config.cfg(1)
INFO: [HLS 200-1611] Setting target device to 'xc7z020-clg400-1'
INFO: [HLS 200-1465] Applying config ini 'clock=100Mhz' from C:/Users/ishan/ECT_110_vitis/cnn/hls_config.cfg(7)
INFO: [SYN 201-201] Setting up clock 'default' with a period of 10ns.
INFO: [HLS 200-1465] Applying config ini 'package.output.format=ip_catalog' from C:/Users/ishan/ECT_110_vitis/cnn/hls_config.cfg(5)
INFO: [HLS 200-2176] Writing Vitis IDE component file C:/Users/ishan/ECT_110_vitis/cnn/cnn/vitis-comp.json
INFO: [SIM 211-2] *************** CSIM start ***************
INFO: [SIM 211-4] CSIM will launch CLANG as the compiler.
INFO: [HLS 200-2036] Building debug C Simulation binaries
make: 'csim.exe' is up to date.
Starting CNN Accelerator Test...
Output samples:
32 24 16 8 0 -8 -16 -24 32 24 
Test completed.
INFO: [SIM 211-1] CSim done with 0 errors.
INFO: [SIM 211-3] *************** CSIM finish ***************
INFO: [HLS 200-112] Total CPU user time: 1 seconds. Total CPU system time: 1 seconds. Total elapsed time: 5.692 seconds; peak allocated memory: 157.395 MB.
INFO: [vitis-run 60-791] Total elapsed time: 0h 0m 12s
