  **** HLS Build v2025.1 6135595
INFO: [HLS 200-2005] Using work_dir C:/Users/ishan/ECT_110_vitis/cnn/cnn 
INFO: [HLS 200-2176] Writing Vitis IDE component file C:/Users/ishan/ECT_110_vitis/cnn/cnn/vitis-comp.json
INFO: [HLS 200-10] Creating and opening component 'C:/Users/ishan/ECT_110_vitis/cnn/cnn'.
INFO: [HLS 200-1505] Using default flow_target 'vivado'
Resolution: For help on HLS 200-1505 see docs.xilinx.com/access/sources/dita/topic?Doc_Version=2025.1%20English&url=ug1448-hls-guidance&resourceid=200-1505.html
INFO: [HLS 200-2174] Applying component config ini file C:/Users/ishan/ECT_110_vitis/cnn/hls_config.cfg
INFO: [HLS 200-1465] Applying config ini 'syn.file=approx_mac.h' from C:/Users/ishan/ECT_110_vitis/cnn/hls_config.cfg(9)
INFO: [HLS 200-10] Adding design file 'C:/Users/ishan/ECT_110_vitis/cnn/approx_mac.h' to the project
INFO: [HLS 200-1465] Applying config ini 'syn.file=accelerator.cpp' from C:/Users/ishan/ECT_110_vitis/cnn/hls_config.cfg(10)
INFO: [HLS 200-10] Adding design file 'C:/Users/ishan/ECT_110_vitis/cnn/accelerator.cpp' to the project
INFO: [HLS 200-1465] Applying config ini 'syn.file=accelerator.h' from C:/Users/ishan/ECT_110_vitis/cnn/hls_config.cfg(11)
INFO: [HLS 200-10] Adding design file 'C:/Users/ishan/ECT_110_vitis/cnn/accelerator.h' to the project
INFO: [HLS 200-1465] Applying config ini 'tb.file=Untitled.cpp' from C:/Users/ishan/ECT_110_vitis/cnn/hls_config.cfg(8)
INFO: [HLS 200-10] Adding test bench file 'C:/Users/ishan/ECT_110_vitis/cnn/Untitled.cpp' to the project
INFO: [HLS 200-1465] Applying config ini 'syn.top=cnn_accelerator' from C:/Users/ishan/ECT_110_vitis/cnn/hls_config.cfg(12)
INFO: [HLS 200-1465] Applying config ini 'flow_target=vivado' from C:/Users/ishan/ECT_110_vitis/cnn/hls_config.cfg(4)
INFO: [HLS 200-1505] Using flow_target 'vivado'
Resolution: For help on HLS 200-1505 see docs.xilinx.com/access/sources/dita/topic?Doc_Version=2025.1%20English&url=ug1448-hls-guidance&resourceid=200-1505.html
INFO: [HLS 200-1465] Applying config ini 'part=xc7z020clg484-1' from C:/Users/ishan/ECT_110_vitis/cnn/hls_config.cfg(1)
INFO: [HLS 200-1611] Setting target device to 'xc7z020-clg484-1'
INFO: [HLS 200-1465] Applying config ini 'clock=100Mhz' from C:/Users/ishan/ECT_110_vitis/cnn/hls_config.cfg(7)
INFO: [SYN 201-201] Setting up clock 'default' with a period of 10ns.
INFO: [HLS 200-1465] Applying config ini 'package.output.format=ip_catalog' from C:/Users/ishan/ECT_110_vitis/cnn/hls_config.cfg(5)
INFO: [HLS 200-2176] Writing Vitis IDE component file C:/Users/ishan/ECT_110_vitis/cnn/cnn/vitis-comp.json
INFO: [HLS 200-111] Finished File checks and directory preparation: CPU user time: 2 seconds. CPU system time: 2 seconds. Elapsed time: 2.746 seconds; current allocated memory: 156.414 MB.
INFO: [HLS 200-10] Analyzing design file 'accelerator.cpp' ... 
WARNING: [HLS 207-5539] 'Resource pragma' is deprecated, use 'bind_op/bind_storage pragma' instead (./approx_mac.h:9:9)
WARNING: [HLS 207-5539] 'Resource pragma' is deprecated, use 'bind_op/bind_storage pragma' instead (./approx_mac.h:10:9)
WARNING: [HLS 207-5539] 'Resource pragma' is deprecated, use 'bind_op/bind_storage pragma' instead (./approx_mac.h:19:9)
WARNING: [HLS 207-5539] 'Resource pragma' is deprecated, use 'bind_op/bind_storage pragma' instead (./approx_mac.h:20:9)
WARNING: [HLS 207-5539] 'Resource pragma' is deprecated, use 'bind_op/bind_storage pragma' instead (./approx_mac.h:32:9)
WARNING: [HLS 207-5539] 'Resource pragma' is deprecated, use 'bind_op/bind_storage pragma' instead (./approx_mac.h:33:9)
WARNING: [HLS 207-5539] 'Resource pragma' is deprecated, use 'bind_op/bind_storage pragma' instead (./approx_mac.h:40:9)
WARNING: [HLS 207-5539] 'Resource pragma' is deprecated, use 'bind_op/bind_storage pragma' instead (./approx_mac.h:41:9)
WARNING: [HLS 207-5579] Unknown pragma bind_op variable value 'a', please check that the variable exists in the same scope as the pragma. (./approx_mac.h:9:9)
WARNING: [HLS 207-5579] Unknown pragma bind_op variable value 'b', please check that the variable exists in the same scope as the pragma. (./approx_mac.h:10:9)
WARNING: [HLS 207-5579] Unknown pragma bind_op variable value 'a', please check that the variable exists in the same scope as the pragma. (./approx_mac.h:32:9)
WARNING: [HLS 207-5579] Unknown pragma bind_op variable value 'b', please check that the variable exists in the same scope as the pragma. (./approx_mac.h:33:9)
WARNING: [HLS 207-5579] Unknown pragma bind_op variable value 'a', please check that the variable exists in the same scope as the pragma. (./approx_mac.h:40:9)
WARNING: [HLS 207-5579] Unknown pragma bind_op variable value 'b', please check that the variable exists in the same scope as the pragma. (./approx_mac.h:41:9)
INFO: [HLS 200-111] Finished Source Code Analysis and Preprocessing: CPU user time: 0 seconds. CPU system time: 0 seconds. Elapsed time: 3.548 seconds; current allocated memory: 159.375 MB.
INFO: [HLS 200-777] Using interface defaults for 'Vivado' flow target.
INFO: [HLS 200-1995] There were 1,825 instructions in the design after the 'Compile/Link' phase of compilation. See the Design Size Report for more details (C:/Users/ishan/ECT_110_vitis/cnn/cnn/hls/syn/report/csynth_design_size.rpt:2)
INFO: [HLS 200-1995] There were 8,758 instructions in the design after the 'Unroll/Inline (step 1)' phase of compilation. See the Design Size Report for more details (C:/Users/ishan/ECT_110_vitis/cnn/cnn/hls/syn/report/csynth_design_size.rpt:2)
INFO: [HLS 200-1995] There were 8,376 instructions in the design after the 'Unroll/Inline (step 2)' phase of compilation. See the Design Size Report for more details (C:/Users/ishan/ECT_110_vitis/cnn/cnn/hls/syn/report/csynth_design_size.rpt:2)
INFO: [HLS 200-1995] There were 8,225 instructions in the design after the 'Unroll/Inline (step 3)' phase of compilation. See the Design Size Report for more details (C:/Users/ishan/ECT_110_vitis/cnn/cnn/hls/syn/report/csynth_design_size.rpt:2)
INFO: [HLS 200-1995] There were 8,225 instructions in the design after the 'Unroll/Inline (step 4)' phase of compilation. See the Design Size Report for more details (C:/Users/ishan/ECT_110_vitis/cnn/cnn/hls/syn/report/csynth_design_size.rpt:2)
INFO: [HLS 200-1995] There were 14,946 instructions in the design after the 'Array/Struct' phase of compilation. See the Design Size Report for more details (C:/Users/ishan/ECT_110_vitis/cnn/cnn/hls/syn/report/csynth_design_size.rpt:2)
INFO: [HLS 200-1995] There were 12,786 instructions in the design after the 'Array/Struct (step 2)' phase of compilation. See the Design Size Report for more details (C:/Users/ishan/ECT_110_vitis/cnn/cnn/hls/syn/report/csynth_design_size.rpt:2)
INFO: [HLS 200-1995] There were 15,250 instructions in the design after the 'Array/Struct (step 3)' phase of compilation. See the Design Size Report for more details (C:/Users/ishan/ECT_110_vitis/cnn/cnn/hls/syn/report/csynth_design_size.rpt:2)
INFO: [HLS 200-1995] There were 17,714 instructions in the design after the 'Array/Struct (step 4)' phase of compilation. See the Design Size Report for more details (C:/Users/ishan/ECT_110_vitis/cnn/cnn/hls/syn/report/csynth_design_size.rpt:2)
INFO: [HLS 200-1995] There were 17,714 instructions in the design after the 'Array/Struct (step 5)' phase of compilation. See the Design Size Report for more details (C:/Users/ishan/ECT_110_vitis/cnn/cnn/hls/syn/report/csynth_design_size.rpt:2)
INFO: [HLS 200-1995] There were 12,786 instructions in the design after the 'Performance (step 1)' phase of compilation. See the Design Size Report for more details (C:/Users/ishan/ECT_110_vitis/cnn/cnn/hls/syn/report/csynth_design_size.rpt:2)
INFO: [HLS 200-1995] There were 12,786 instructions in the design after the 'Performance (step 2)' phase of compilation. See the Design Size Report for more details (C:/Users/ishan/ECT_110_vitis/cnn/cnn/hls/syn/report/csynth_design_size.rpt:2)
INFO: [HLS 200-1995] There were 12,786 instructions in the design after the 'Performance (step 3)' phase of compilation. See the Design Size Report for more details (C:/Users/ishan/ECT_110_vitis/cnn/cnn/hls/syn/report/csynth_design_size.rpt:2)
INFO: [HLS 200-1995] There were 12,786 instructions in the design after the 'Performance (step 4)' phase of compilation. See the Design Size Report for more details (C:/Users/ishan/ECT_110_vitis/cnn/cnn/hls/syn/report/csynth_design_size.rpt:2)
INFO: [HLS 200-1995] There were 12,612 instructions in the design after the 'HW Transforms (step 1)' phase of compilation. See the Design Size Report for more details (C:/Users/ishan/ECT_110_vitis/cnn/cnn/hls/syn/report/csynth_design_size.rpt:2)
INFO: [HLS 200-1995] There were 12,625 instructions in the design after the 'HW Transforms (step 2)' phase of compilation. See the Design Size Report for more details (C:/Users/ishan/ECT_110_vitis/cnn/cnn/hls/syn/report/csynth_design_size.rpt:2)
INFO: [HLS 214-131] Inlining function 'approx_mul6(ap_int<6>, ap_int<6>)' into 'mac_int6(ap_int<6>, ap_int<6>, ap_int<32>)' (./approx_mac.h:26:15)
INFO: [HLS 214-131] Inlining function 'mac_int8(ap_int<8>, ap_int<8>, ap_int<32>)' into 'conv_tile(ap_int<8> (*) [10][10], ap_int<8> (*) [16][3][3], ap_int<32> (*) [8][8], int)' (accelerator.cpp:75:43)
INFO: [HLS 214-131] Inlining function 'mac_int2(ap_int<2>, ap_int<2>, ap_int<32>)' into 'conv_tile(ap_int<8> (*) [10][10], ap_int<8> (*) [16][3][3], ap_int<32> (*) [8][8], int)' (accelerator.cpp:67:43)
INFO: [HLS 214-131] Inlining function 'mac_int4(ap_int<4>, ap_int<4>, ap_int<32>)' into 'conv_tile(ap_int<8> (*) [10][10], ap_int<8> (*) [16][3][3], ap_int<32> (*) [8][8], int)' (accelerator.cpp:59:43)
INFO: [HLS 214-131] Inlining function 'mac_int6(ap_int<6>, ap_int<6>, ap_int<32>)' into 'conv_tile(ap_int<8> (*) [10][10], ap_int<8> (*) [16][3][3], ap_int<32> (*) [8][8], int)' (accelerator.cpp:51:43)
INFO: [HLS 214-291] Loop 'VITIS_LOOP_35_4' is marked as complete unroll implied by the pipeline pragma (accelerator.cpp:35:34)
INFO: [HLS 214-291] Loop 'VITIS_LOOP_38_5' is marked as complete unroll implied by the pipeline pragma (accelerator.cpp:38:19)
INFO: [HLS 214-291] Loop 'VITIS_LOOP_39_6' is marked as complete unroll implied by the pipeline pragma (accelerator.cpp:39:42)
INFO: [HLS 214-186] Unrolling loop 'VITIS_LOOP_35_4' (accelerator.cpp:35:34) in function 'conv_tile' completely with a factor of 16 (accelerator.cpp:21:0)
INFO: [HLS 214-186] Unrolling loop 'VITIS_LOOP_38_5' (accelerator.cpp:38:19) in function 'conv_tile' completely with a factor of 3 (accelerator.cpp:21:0)
INFO: [HLS 214-186] Unrolling loop 'VITIS_LOOP_39_6' (accelerator.cpp:39:42) in function 'conv_tile' completely with a factor of 3 (accelerator.cpp:21:0)
INFO: [HLS 214-248] Applying array_partition to 'input': Complete partitioning on dimension 1. (accelerator.cpp:96:0)
INFO: [HLS 214-248] Applying array_partition to 'weight': Complete partitioning on dimension 1. (accelerator.cpp:96:0)
INFO: [HLS 214-248] Applying array_partition to 'output': Complete partitioning on dimension 1. (accelerator.cpp:96:0)
INFO: [HLS 214-241] Aggregating bram variable 'output_15' with compact=bit mode in 32-bits
INFO: [HLS 214-241] Aggregating bram variable 'output_14' with compact=bit mode in 32-bits
INFO: [HLS 214-241] Aggregating bram variable 'output_13' with compact=bit mode in 32-bits
INFO: [HLS 214-241] Aggregating bram variable 'output_12' with compact=bit mode in 32-bits
INFO: [HLS 214-241] Aggregating bram variable 'output_11' with compact=bit mode in 32-bits
INFO: [HLS 214-241] Aggregating bram variable 'output_10' with compact=bit mode in 32-bits
INFO: [HLS 214-241] Aggregating bram variable 'output_9' with compact=bit mode in 32-bits
INFO: [HLS 214-241] Aggregating bram variable 'output_8' with compact=bit mode in 32-bits
INFO: [HLS 214-241] Aggregating bram variable 'output_7' with compact=bit mode in 32-bits
INFO: [HLS 214-241] Aggregating bram variable 'output_6' with compact=bit mode in 32-bits
INFO: [HLS 214-241] Aggregating bram variable 'output_5' with compact=bit mode in 32-bits
INFO: [HLS 214-241] Aggregating bram variable 'output_4' with compact=bit mode in 32-bits
INFO: [HLS 214-241] Aggregating bram variable 'output_3' with compact=bit mode in 32-bits
INFO: [HLS 214-241] Aggregating bram variable 'output_2' with compact=bit mode in 32-bits
INFO: [HLS 214-241] Aggregating bram variable 'output_1' with compact=bit mode in 32-bits
INFO: [HLS 214-241] Aggregating bram variable 'output_0' with compact=bit mode in 32-bits
INFO: [HLS 214-241] Aggregating bram variable 'weight_15' with compact=bit mode in 8-bits (accelerator.cpp:96:0)
INFO: [HLS 214-241] Aggregating bram variable 'weight_14' with compact=bit mode in 8-bits (accelerator.cpp:96:0)
INFO: [HLS 214-241] Aggregating bram variable 'weight_13' with compact=bit mode in 8-bits (accelerator.cpp:96:0)
INFO: [HLS 214-241] Aggregating bram variable 'weight_12' with compact=bit mode in 8-bits (accelerator.cpp:96:0)
INFO: [HLS 214-241] Aggregating bram variable 'weight_11' with compact=bit mode in 8-bits (accelerator.cpp:96:0)
INFO: [HLS 214-241] Aggregating bram variable 'weight_10' with compact=bit mode in 8-bits (accelerator.cpp:96:0)
INFO: [HLS 214-241] Aggregating bram variable 'weight_9' with compact=bit mode in 8-bits (accelerator.cpp:96:0)
INFO: [HLS 214-241] Aggregating bram variable 'weight_8' with compact=bit mode in 8-bits (accelerator.cpp:96:0)
INFO: [HLS 214-241] Aggregating bram variable 'weight_7' with compact=bit mode in 8-bits (accelerator.cpp:96:0)
INFO: [HLS 214-241] Aggregating bram variable 'weight_6' with compact=bit mode in 8-bits (accelerator.cpp:96:0)
INFO: [HLS 214-241] Aggregating bram variable 'weight_5' with compact=bit mode in 8-bits (accelerator.cpp:96:0)
INFO: [HLS 214-241] Aggregating bram variable 'weight_4' with compact=bit mode in 8-bits (accelerator.cpp:96:0)
INFO: [HLS 214-241] Aggregating bram variable 'weight_3' with compact=bit mode in 8-bits (accelerator.cpp:96:0)
INFO: [HLS 214-241] Aggregating bram variable 'weight_2' with compact=bit mode in 8-bits (accelerator.cpp:96:0)
INFO: [HLS 214-241] Aggregating bram variable 'weight_1' with compact=bit mode in 8-bits (accelerator.cpp:96:0)
INFO: [HLS 214-241] Aggregating bram variable 'weight_0' with compact=bit mode in 8-bits (accelerator.cpp:96:0)
INFO: [HLS 214-241] Aggregating bram variable 'input_15' with compact=bit mode in 8-bits (accelerator.cpp:96:0)
INFO: [HLS 214-241] Aggregating bram variable 'input_14' with compact=bit mode in 8-bits (accelerator.cpp:96:0)
INFO: [HLS 214-241] Aggregating bram variable 'input_13' with compact=bit mode in 8-bits (accelerator.cpp:96:0)
INFO: [HLS 214-241] Aggregating bram variable 'input_12' with compact=bit mode in 8-bits (accelerator.cpp:96:0)
INFO: [HLS 214-241] Aggregating bram variable 'input_11' with compact=bit mode in 8-bits (accelerator.cpp:96:0)
INFO: [HLS 214-241] Aggregating bram variable 'input_10' with compact=bit mode in 8-bits (accelerator.cpp:96:0)
INFO: [HLS 214-241] Aggregating bram variable 'input_9' with compact=bit mode in 8-bits (accelerator.cpp:96:0)
INFO: [HLS 214-241] Aggregating bram variable 'input_8' with compact=bit mode in 8-bits (accelerator.cpp:96:0)
INFO: [HLS 214-241] Aggregating bram variable 'input_7' with compact=bit mode in 8-bits (accelerator.cpp:96:0)
INFO: [HLS 214-241] Aggregating bram variable 'input_6' with compact=bit mode in 8-bits (accelerator.cpp:96:0)
INFO: [HLS 214-241] Aggregating bram variable 'input_5' with compact=bit mode in 8-bits (accelerator.cpp:96:0)
INFO: [HLS 214-241] Aggregating bram variable 'input_4' with compact=bit mode in 8-bits (accelerator.cpp:96:0)
INFO: [HLS 214-241] Aggregating bram variable 'input_3' with compact=bit mode in 8-bits (accelerator.cpp:96:0)
INFO: [HLS 214-241] Aggregating bram variable 'input_2' with compact=bit mode in 8-bits (accelerator.cpp:96:0)
INFO: [HLS 214-241] Aggregating bram variable 'input_1' with compact=bit mode in 8-bits (accelerator.cpp:96:0)
INFO: [HLS 214-241] Aggregating bram variable 'input_0' with compact=bit mode in 8-bits (accelerator.cpp:96:0)
INFO: [HLS 200-111] Finished Compiling Optimization and Transform: CPU user time: 0 seconds. CPU system time: 0 seconds. Elapsed time: 35.59 seconds; current allocated memory: 162.812 MB.
INFO: [HLS 200-111] Finished Checking Pragmas: CPU user time: 0 seconds. CPU system time: 0 seconds. Elapsed time: 0.014 seconds; current allocated memory: 162.812 MB.
INFO: [HLS 200-10] Starting code transformations ...
INFO: [HLS 200-111] Finished Standard Transforms: CPU user time: 2 seconds. CPU system time: 0 seconds. Elapsed time: 1.541 seconds; current allocated memory: 186.137 MB.
INFO: [HLS 200-10] Checking synthesizability ...
INFO: [HLS 200-111] Finished Checking Synthesizability: CPU user time: 1 seconds. CPU system time: 0 seconds. Elapsed time: 1.35 seconds; current allocated memory: 198.023 MB.
INFO: [XFORM 203-712] Applying dataflow to function 'cnn_accelerator' (accelerator.cpp:91:1), detected/extracted 1 process function(s): 
	 'conv_tile'.
INFO: [XFORM 203-11] Balancing expressions in function 'conv_tile' (accelerator.cpp:11:37)...141 expression(s) balanced.
INFO: [HLS 200-111] Finished Loop, function and other optimizations: CPU user time: 9 seconds. CPU system time: 0 seconds. Elapsed time: 10.248 seconds; current allocated memory: 237.242 MB.
INFO: [HLS 200-2061] Successfully converted nested loops 'VITIS_LOOP_28_2'(accelerator.cpp:28:26) and 'VITIS_LOOP_29_3'(accelerator.cpp:29:30) in function 'conv_tile' into perfectly nested loops.
INFO: [HLS 200-2061] Successfully converted nested loops 'VITIS_LOOP_27_1'(accelerator.cpp:27:19) and 'VITIS_LOOP_28_2'(accelerator.cpp:28:26) in function 'conv_tile' into perfectly nested loops.
INFO: [XFORM 203-541] Flattening a loop nest 'VITIS_LOOP_28_2' (accelerator.cpp:28:26) in function 'conv_tile'.
INFO: [XFORM 203-541] Flattening a loop nest 'VITIS_LOOP_27_1' (accelerator.cpp:27:19) in function 'conv_tile'.
INFO: [HLS 200-111] Finished Architecture Synthesis: CPU user time: 6 seconds. CPU system time: 0 seconds. Elapsed time: 6.512 seconds; current allocated memory: 290.883 MB.
INFO: [HLS 200-10] Starting hardware synthesis ...
INFO: [HLS 200-10] Synthesizing 'cnn_accelerator' ...
INFO: [HLS 200-10] ----------------------------------------------------------------
INFO: [HLS 200-42] -- Implementing module 'conv_tile_Pipeline_VITIS_LOOP_27_1_VITIS_LOOP_28_2_VITIS_LOOP_29_3' 
INFO: [HLS 200-10] ----------------------------------------------------------------
INFO: [SCHED 204-11] Starting scheduling ...
INFO: [SCHED 204-61] Pipelining loop 'VITIS_LOOP_27_1_VITIS_LOOP_28_2_VITIS_LOOP_29_3'.
WARNING: [HLS 200-885] The II Violation in module 'conv_tile_Pipeline_VITIS_LOOP_27_1_VITIS_LOOP_28_2_VITIS_LOOP_29_3' (loop 'VITIS_LOOP_27_1_VITIS_LOOP_28_2_VITIS_LOOP_29_3'): Unable to schedule 'load' operation 8 bit ('a8', accelerator.cpp:41) on array 'input_0' due to limited memory ports (II = 1). Please consider using a memory core with more ports or partitioning the array 'input_0'.
Resolution: For help on HLS 200-885 see docs.xilinx.com/access/sources/dita/topic?Doc_Version=2025.1%20English&url=ug1448-hls-guidance&resourceid=200-885.html
WARNING: [HLS 200-885] The II Violation in module 'conv_tile_Pipeline_VITIS_LOOP_27_1_VITIS_LOOP_28_2_VITIS_LOOP_29_3' (loop 'VITIS_LOOP_27_1_VITIS_LOOP_28_2_VITIS_LOOP_29_3'): Unable to schedule 'load' operation 8 bit ('a8', accelerator.cpp:41) on array 'input_0' due to limited memory ports (II = 2). Please consider using a memory core with more ports or partitioning the array 'input_0'.
Resolution: For help on HLS 200-885 see docs.xilinx.com/access/sources/dita/topic?Doc_Version=2025.1%20English&url=ug1448-hls-guidance&resourceid=200-885.html
WARNING: [HLS 200-885] The II Violation in module 'conv_tile_Pipeline_VITIS_LOOP_27_1_VITIS_LOOP_28_2_VITIS_LOOP_29_3' (loop 'VITIS_LOOP_27_1_VITIS_LOOP_28_2_VITIS_LOOP_29_3'): Unable to schedule 'load' operation 8 bit ('a8', accelerator.cpp:41) on array 'input_0' due to limited memory ports (II = 3). Please consider using a memory core with more ports or partitioning the array 'input_0'.
Resolution: For help on HLS 200-885 see docs.xilinx.com/access/sources/dita/topic?Doc_Version=2025.1%20English&url=ug1448-hls-guidance&resourceid=200-885.html
WARNING: [HLS 200-885] The II Violation in module 'conv_tile_Pipeline_VITIS_LOOP_27_1_VITIS_LOOP_28_2_VITIS_LOOP_29_3' (loop 'VITIS_LOOP_27_1_VITIS_LOOP_28_2_VITIS_LOOP_29_3'): Unable to schedule 'load' operation 8 bit ('a8', accelerator.cpp:41) on array 'input_0' due to limited memory ports (II = 4). Please consider using a memory core with more ports or partitioning the array 'input_0'.
Resolution: For help on HLS 200-885 see docs.xilinx.com/access/sources/dita/topic?Doc_Version=2025.1%20English&url=ug1448-hls-guidance&resourceid=200-885.html
INFO: [HLS 200-1470] Pipelining result : Target II = 1, Final II = 5, Depth = 19, loop 'VITIS_LOOP_27_1_VITIS_LOOP_28_2_VITIS_LOOP_29_3'
INFO: [SCHED 204-11] Finished scheduling.
INFO: [HLS 200-111] Finished Scheduling: CPU user time: 67 seconds. CPU system time: 1 seconds. Elapsed time: 70.277 seconds; current allocated memory: 430.035 MB.
INFO: [BIND 205-100] Starting micro-architecture generation ...
INFO: [BIND 205-101] Performing variable lifetime analysis.
INFO: [BIND 205-101] Exploring resource sharing.
INFO: [BIND 205-101] Binding ...
INFO: [BIND 205-100] Finished micro-architecture generation.
INFO: [HLS 200-111] Finished Binding: CPU user time: 5 seconds. CPU system time: 0 seconds. Elapsed time: 5.507 seconds; current allocated memory: 430.035 MB.
INFO: [HLS 200-10] ----------------------------------------------------------------
INFO: [HLS 200-42] -- Implementing module 'conv_tile' 
INFO: [HLS 200-10] ----------------------------------------------------------------
INFO: [SCHED 204-11] Starting scheduling ...
INFO: [SCHED 204-11] Finished scheduling.
INFO: [HLS 200-111] Finished Scheduling: CPU user time: 6 seconds. CPU system time: 1 seconds. Elapsed time: 7.291 seconds; current allocated memory: 430.035 MB.
INFO: [BIND 205-100] Starting micro-architecture generation ...
INFO: [BIND 205-101] Performing variable lifetime analysis.
INFO: [BIND 205-101] Exploring resource sharing.
INFO: [BIND 205-101] Binding ...
INFO: [BIND 205-100] Finished micro-architecture generation.
INFO: [HLS 200-111] Finished Binding: CPU user time: 3 seconds. CPU system time: 0 seconds. Elapsed time: 3.366 seconds; current allocated memory: 430.035 MB.
INFO: [HLS 200-10] ----------------------------------------------------------------
INFO: [HLS 200-42] -- Implementing module 'cnn_accelerator' 
INFO: [HLS 200-10] ----------------------------------------------------------------
INFO: [SCHED 204-11] Starting scheduling ...
INFO: [SCHED 204-11] Finished scheduling.
INFO: [HLS 200-111] Finished Scheduling: CPU user time: 1 seconds. CPU system time: 0 seconds. Elapsed time: 1.196 seconds; current allocated memory: 430.035 MB.
INFO: [BIND 205-100] Starting micro-architecture generation ...
INFO: [BIND 205-101] Performing variable lifetime analysis.
INFO: [BIND 205-101] Exploring resource sharing.
INFO: [BIND 205-101] Binding ...
INFO: [BIND 205-100] Finished micro-architecture generation.
INFO: [HLS 200-111] Finished Binding: CPU user time: 0 seconds. CPU system time: 0 seconds. Elapsed time: 0.131 seconds; current allocated memory: 430.035 MB.
INFO: [HLS 200-10] ----------------------------------------------------------------
INFO: [HLS 200-10] -- Generating RTL for module 'conv_tile_Pipeline_VITIS_LOOP_27_1_VITIS_LOOP_28_2_VITIS_LOOP_29_3' 
INFO: [HLS 200-10] ----------------------------------------------------------------
INFO: [HLS 200-1030] Apply Unified Pipeline Control on module 'conv_tile_Pipeline_VITIS_LOOP_27_1_VITIS_LOOP_28_2_VITIS_LOOP_29_3' pipeline 'VITIS_LOOP_27_1_VITIS_LOOP_28_2_VITIS_LOOP_29_3' pipeline type 'loop pipeline'
INFO: [RTGEN 206-104] Estimated max fanout for 'conv_tile_Pipeline_VITIS_LOOP_27_1_VITIS_LOOP_28_2_VITIS_LOOP_29_3' is 5226 from HDL expression: ((1'b0 == ap_block_pp0_stage0_11001) & (1'b1 == ap_CS_fsm_pp0_stage0))
INFO: [RTGEN 206-100] Generating core module 'mul_2s_2s_4_1_1': 144 instance(s).
INFO: [RTGEN 206-100] Generating core module 'mul_4s_4s_8_1_1': 144 instance(s).
INFO: [RTGEN 206-100] Generating core module 'mul_5s_5s_10_1_1': 144 instance(s).
INFO: [RTGEN 206-100] Generating core module 'mul_8s_8s_16_1_1': 288 instance(s).
INFO: [RTGEN 206-100] Generating core module 'sparsemux_33_4_8_1_1': 144 instance(s).
INFO: [RTGEN 206-100] Finished creating RTL model for 'conv_tile_Pipeline_VITIS_LOOP_27_1_VITIS_LOOP_28_2_VITIS_LOOP_29_3'.
INFO: [HLS 200-111] Finished Creating RTL model: CPU user time: 27 seconds. CPU system time: 0 seconds. Elapsed time: 27.475 seconds; current allocated memory: 502.090 MB.
INFO: [HLS 200-10] ----------------------------------------------------------------
INFO: [HLS 200-10] -- Generating RTL for module 'conv_tile' 
INFO: [HLS 200-10] ----------------------------------------------------------------
INFO: [RTGEN 206-100] Finished creating RTL model for 'conv_tile'.
INFO: [HLS 200-111] Finished Creating RTL model: CPU user time: 8 seconds. CPU system time: 5 seconds. Elapsed time: 14.155 seconds; current allocated memory: 672.703 MB.
INFO: [HLS 200-10] ----------------------------------------------------------------
INFO: [HLS 200-10] -- Generating RTL for module 'cnn_accelerator' 
INFO: [HLS 200-10] ----------------------------------------------------------------
INFO: [RTGEN 206-500] Setting interface mode on port 'cnn_accelerator/input_0' to 'ap_memory'.
INFO: [RTGEN 206-500] Setting interface mode on port 'cnn_accelerator/input_1' to 'ap_memory'.
INFO: [RTGEN 206-500] Setting interface mode on port 'cnn_accelerator/input_2' to 'ap_memory'.
INFO: [RTGEN 206-500] Setting interface mode on port 'cnn_accelerator/input_3' to 'ap_memory'.
INFO: [RTGEN 206-500] Setting interface mode on port 'cnn_accelerator/input_4' to 'ap_memory'.
INFO: [RTGEN 206-500] Setting interface mode on port 'cnn_accelerator/input_5' to 'ap_memory'.
INFO: [RTGEN 206-500] Setting interface mode on port 'cnn_accelerator/input_6' to 'ap_memory'.
INFO: [RTGEN 206-500] Setting interface mode on port 'cnn_accelerator/input_7' to 'ap_memory'.
INFO: [RTGEN 206-500] Setting interface mode on port 'cnn_accelerator/input_8' to 'ap_memory'.
INFO: [RTGEN 206-500] Setting interface mode on port 'cnn_accelerator/input_9' to 'ap_memory'.
INFO: [RTGEN 206-500] Setting interface mode on port 'cnn_accelerator/input_10' to 'ap_memory'.
INFO: [RTGEN 206-500] Setting interface mode on port 'cnn_accelerator/input_11' to 'ap_memory'.
INFO: [RTGEN 206-500] Setting interface mode on port 'cnn_accelerator/input_12' to 'ap_memory'.
INFO: [RTGEN 206-500] Setting interface mode on port 'cnn_accelerator/input_13' to 'ap_memory'.
INFO: [RTGEN 206-500] Setting interface mode on port 'cnn_accelerator/input_14' to 'ap_memory'.
INFO: [RTGEN 206-500] Setting interface mode on port 'cnn_accelerator/input_15' to 'ap_memory'.
INFO: [RTGEN 206-500] Setting interface mode on port 'cnn_accelerator/weight_0' to 'ap_memory'.
INFO: [RTGEN 206-500] Setting interface mode on port 'cnn_accelerator/weight_1' to 'ap_memory'.
INFO: [RTGEN 206-500] Setting interface mode on port 'cnn_accelerator/weight_2' to 'ap_memory'.
INFO: [RTGEN 206-500] Setting interface mode on port 'cnn_accelerator/weight_3' to 'ap_memory'.
INFO: [RTGEN 206-500] Setting interface mode on port 'cnn_accelerator/weight_4' to 'ap_memory'.
INFO: [RTGEN 206-500] Setting interface mode on port 'cnn_accelerator/weight_5' to 'ap_memory'.
INFO: [RTGEN 206-500] Setting interface mode on port 'cnn_accelerator/weight_6' to 'ap_memory'.
INFO: [RTGEN 206-500] Setting interface mode on port 'cnn_accelerator/weight_7' to 'ap_memory'.
INFO: [RTGEN 206-500] Setting interface mode on port 'cnn_accelerator/weight_8' to 'ap_memory'.
INFO: [RTGEN 206-500] Setting interface mode on port 'cnn_accelerator/weight_9' to 'ap_memory'.
INFO: [RTGEN 206-500] Setting interface mode on port 'cnn_accelerator/weight_10' to 'ap_memory'.
INFO: [RTGEN 206-500] Setting interface mode on port 'cnn_accelerator/weight_11' to 'ap_memory'.
INFO: [RTGEN 206-500] Setting interface mode on port 'cnn_accelerator/weight_12' to 'ap_memory'.
INFO: [RTGEN 206-500] Setting interface mode on port 'cnn_accelerator/weight_13' to 'ap_memory'.
INFO: [RTGEN 206-500] Setting interface mode on port 'cnn_accelerator/weight_14' to 'ap_memory'.
INFO: [RTGEN 206-500] Setting interface mode on port 'cnn_accelerator/weight_15' to 'ap_memory'.
INFO: [RTGEN 206-500] Setting interface mode on port 'cnn_accelerator/output_0' to 'ap_memory'.
INFO: [RTGEN 206-500] Setting interface mode on port 'cnn_accelerator/output_1' to 'ap_memory'.
INFO: [RTGEN 206-500] Setting interface mode on port 'cnn_accelerator/output_2' to 'ap_memory'.
INFO: [RTGEN 206-500] Setting interface mode on port 'cnn_accelerator/output_3' to 'ap_memory'.
INFO: [RTGEN 206-500] Setting interface mode on port 'cnn_accelerator/output_4' to 'ap_memory'.
INFO: [RTGEN 206-500] Setting interface mode on port 'cnn_accelerator/output_5' to 'ap_memory'.
INFO: [RTGEN 206-500] Setting interface mode on port 'cnn_accelerator/output_6' to 'ap_memory'.
INFO: [RTGEN 206-500] Setting interface mode on port 'cnn_accelerator/output_7' to 'ap_memory'.
INFO: [RTGEN 206-500] Setting interface mode on port 'cnn_accelerator/output_8' to 'ap_memory'.
INFO: [RTGEN 206-500] Setting interface mode on port 'cnn_accelerator/output_9' to 'ap_memory'.
INFO: [RTGEN 206-500] Setting interface mode on port 'cnn_accelerator/output_10' to 'ap_memory'.
INFO: [RTGEN 206-500] Setting interface mode on port 'cnn_accelerator/output_11' to 'ap_memory'.
INFO: [RTGEN 206-500] Setting interface mode on port 'cnn_accelerator/output_12' to 'ap_memory'.
INFO: [RTGEN 206-500] Setting interface mode on port 'cnn_accelerator/output_13' to 'ap_memory'.
INFO: [RTGEN 206-500] Setting interface mode on port 'cnn_accelerator/output_14' to 'ap_memory'.
INFO: [RTGEN 206-500] Setting interface mode on port 'cnn_accelerator/output_15' to 'ap_memory'.
INFO: [RTGEN 206-500] Setting interface mode on port 'cnn_accelerator/precision' to 'ap_none'.
INFO: [RTGEN 206-500] Setting interface mode on function 'cnn_accelerator' to 'ap_ctrl_hs'.
INFO: [RTGEN 206-100] Finished creating RTL model for 'cnn_accelerator'.
INFO: [HLS 200-111] Finished Creating RTL model: CPU user time: 3 seconds. CPU system time: 0 seconds. Elapsed time: 3.499 seconds; current allocated memory: 732.160 MB.
INFO: [HLS 200-111] Finished Generating all RTL models: CPU user time: 1 seconds. CPU system time: 0 seconds. Elapsed time: 2.025 seconds; current allocated memory: 732.160 MB.
INFO: [HLS 200-111] Finished Updating report files: CPU user time: 4 seconds. CPU system time: 1 seconds. Elapsed time: 6.02 seconds; current allocated memory: 746.918 MB.
INFO: [VHDL 208-304] Generating VHDL RTL for cnn_accelerator.
INFO: [VLOG 209-307] Generating Verilog RTL for cnn_accelerator.
INFO: [HLS 200-789] **** Estimated Fmax: 140.73 MHz
INFO: [HLS 200-112] Total CPU user time: 146 seconds. Total CPU system time: 10 seconds. Total elapsed time: 203.067 seconds; peak allocated memory: 746.918 MB.
INFO: [v++ 60-791] Total elapsed time: 0h 3m 27s
