  **** HLS Build v2025.1 6135595
INFO: [HLS 200-2005] Using work_dir C:/Users/ishan/ECT_110_vitis/cnn/cnn 
INFO: [HLS 200-2176] Writing Vitis IDE component file C:/Users/ishan/ECT_110_vitis/cnn/cnn/vitis-comp.json
INFO: [HLS 200-10] Creating and opening component 'C:/Users/ishan/ECT_110_vitis/cnn/cnn'.
INFO: [HLS 200-1505] Using default flow_target 'vivado'
Resolution: For help on HLS 200-1505 see docs.xilinx.com/access/sources/dita/topic?Doc_Version=2025.1%20English&url=ug1448-hls-guidance&resourceid=200-1505.html
INFO: [HLS 200-2174] Applying component config ini file C:/Users/ishan/ECT_110_vitis/cnn/hls_config.cfg
INFO: [HLS 200-1465] Applying config ini 'syn.file=approx_mac.h' from C:/Users/ishan/ECT_110_vitis/cnn/hls_config.cfg(9)
INFO: [HLS 200-10] Adding design file 'C:/Users/ishan/ECT_110_vitis/cnn/approx_mac.h' to the project
INFO: [HLS 200-1465] Applying config ini 'syn.file=accelerator.cpp' from C:/Users/ishan/ECT_110_vitis/cnn/hls_config.cfg(10)
INFO: [HLS 200-10] Adding design file 'C:/Users/ishan/ECT_110_vitis/cnn/accelerator.cpp' to the project
INFO: [HLS 200-1465] Applying config ini 'syn.file=accelerator.h' from C:/Users/ishan/ECT_110_vitis/cnn/hls_config.cfg(11)
INFO: [HLS 200-10] Adding design file 'C:/Users/ishan/ECT_110_vitis/cnn/accelerator.h' to the project
INFO: [HLS 200-1465] Applying config ini 'tb.file=Untitled.cpp' from C:/Users/ishan/ECT_110_vitis/cnn/hls_config.cfg(8)
INFO: [HLS 200-10] Adding test bench file 'C:/Users/ishan/ECT_110_vitis/cnn/Untitled.cpp' to the project
INFO: [HLS 200-1465] Applying config ini 'syn.top=cnn_accelerator' from C:/Users/ishan/ECT_110_vitis/cnn/hls_config.cfg(12)
INFO: [HLS 200-1465] Applying config ini 'flow_target=vivado' from C:/Users/ishan/ECT_110_vitis/cnn/hls_config.cfg(4)
INFO: [HLS 200-1505] Using flow_target 'vivado'
Resolution: For help on HLS 200-1505 see docs.xilinx.com/access/sources/dita/topic?Doc_Version=2025.1%20English&url=ug1448-hls-guidance&resourceid=200-1505.html
INFO: [HLS 200-1465] Applying config ini 'part=xc7z020clg484-1' from C:/Users/ishan/ECT_110_vitis/cnn/hls_config.cfg(1)
INFO: [HLS 200-1611] Setting target device to 'xc7z020-clg484-1'
INFO: [HLS 200-1465] Applying config ini 'clock=100Mhz' from C:/Users/ishan/ECT_110_vitis/cnn/hls_config.cfg(7)
INFO: [SYN 201-201] Setting up clock 'default' with a period of 10ns.
INFO: [HLS 200-1465] Applying config ini 'package.output.format=ip_catalog' from C:/Users/ishan/ECT_110_vitis/cnn/hls_config.cfg(5)
INFO: [HLS 200-2176] Writing Vitis IDE component file C:/Users/ishan/ECT_110_vitis/cnn/cnn/vitis-comp.json
INFO: [HLS 200-111] Finished File checks and directory preparation: CPU user time: 1 seconds. CPU system time: 1 seconds. Elapsed time: 2.442 seconds; current allocated memory: 155.215 MB.
INFO: [HLS 200-10] Analyzing design file 'accelerator.cpp' ... 
WARNING: [HLS 207-5562] missing argument for 'variable' (./approx_mac.h:8:9)
WARNING: [HLS 207-5562] missing argument for 'variable' (./approx_mac.h:14:9)
WARNING: [HLS 207-5562] missing argument for 'variable' (./approx_mac.h:25:9)
WARNING: [HLS 207-5562] missing argument for 'variable' (./approx_mac.h:44:9)
INFO: [HLS 200-111] Finished Source Code Analysis and Preprocessing: CPU user time: 0 seconds. CPU system time: 0 seconds. Elapsed time: 3.932 seconds; current allocated memory: 157.859 MB.
INFO: [HLS 200-777] Using interface defaults for 'Vivado' flow target.
INFO: [HLS 200-1995] There were 3,199 instructions in the design after the 'Compile/Link' phase of compilation. See the Design Size Report for more details (C:/Users/ishan/ECT_110_vitis/cnn/cnn/hls/syn/report/csynth_design_size.rpt:2)
INFO: [HLS 200-1995] There were 16,384 instructions in the design after the 'Unroll/Inline (step 1)' phase of compilation. See the Design Size Report for more details (C:/Users/ishan/ECT_110_vitis/cnn/cnn/hls/syn/report/csynth_design_size.rpt:2)
INFO: [HLS 200-1995] There were 13,652 instructions in the design after the 'Unroll/Inline (step 2)' phase of compilation. See the Design Size Report for more details (C:/Users/ishan/ECT_110_vitis/cnn/cnn/hls/syn/report/csynth_design_size.rpt:2)
INFO: [HLS 200-1995] There were 13,644 instructions in the design after the 'Unroll/Inline (step 3)' phase of compilation. See the Design Size Report for more details (C:/Users/ishan/ECT_110_vitis/cnn/cnn/hls/syn/report/csynth_design_size.rpt:2)
INFO: [HLS 200-1995] There were 13,644 instructions in the design after the 'Unroll/Inline (step 4)' phase of compilation. See the Design Size Report for more details (C:/Users/ishan/ECT_110_vitis/cnn/cnn/hls/syn/report/csynth_design_size.rpt:2)
